<?xml version="1.0" encoding="UTF-8"?>
<!-- Generated by org.testng.reporters.JUnitXMLReporter -->
<testsuite ignored="0" hostname="DESKTOP-HLF7R72" failures="0" tests="3" name="Test" time="15.109" errors="0" timestamp="2023-08-03T08:42:58 IST">
  <testcase classname="Utilities.BaseClass" name="@BeforeMethod BeforeMethod" time="0.0">
    <failure type="java.io.FileNotFoundException" message="C:\dataExel\DataExel.xlsx (The system cannot find the path specified)">
      <![CDATA[java.io.FileNotFoundException: C:\dataExel\DataExel.xlsx (The system cannot find the path specified)
at java.base/java.io.FileInputStream.open0(Native Method)
at java.base/java.io.FileInputStream.open(FileInputStream.java:216)
at java.base/java.io.FileInputStream.<init>(FileInputStream.java:157)
at Utilities.DataUtilities.dataFromExcel(DataUtilities.java:24)
at Utilities.BaseClass.BeforeMethod(BaseClass.java:54)
at java.base/java.util.ArrayList.forEach(ArrayList.java:1511)
at java.base/java.util.concurrent.FutureTask.run(FutureTask.java:264)
at java.base/java.util.concurrent.ThreadPoolExecutor.runWorker(ThreadPoolExecutor.java:1136)
at java.base/java.util.concurrent.ThreadPoolExecutor$Worker.run(ThreadPoolExecutor.java:635)
at java.base/java.lang.Thread.run(Thread.java:833)
... Removed 21 stack frames]]>
    </failure>
  </testcase> <!-- @BeforeMethod BeforeMethod -->
  <testcase classname="Utilities.BaseClass" name="@AfterMethod AfterMethod" time="0.0">
    <skipped/>
  </testcase> <!-- @AfterMethod AfterMethod -->
  <testcase classname="Utilities.BaseClass" name="@AfterClass AfterClass" time="0.0">
    <skipped/>
  </testcase> <!-- @AfterClass AfterClass -->
  <testcase classname="Utilities.BaseClass" name="@BeforeMethod BeforeMethod" time="0.002">
    <failure type="java.io.FileNotFoundException" message="C:\dataExel\DataExel.xlsx (The system cannot find the path specified)">
      <![CDATA[java.io.FileNotFoundException: C:\dataExel\DataExel.xlsx (The system cannot find the path specified)
at java.base/java.io.FileInputStream.open0(Native Method)
at java.base/java.io.FileInputStream.open(FileInputStream.java:216)
at java.base/java.io.FileInputStream.<init>(FileInputStream.java:157)
at Utilities.DataUtilities.dataFromExcel(DataUtilities.java:24)
at Utilities.BaseClass.BeforeMethod(BaseClass.java:54)
at java.base/java.util.ArrayList.forEach(ArrayList.java:1511)
at java.base/java.util.concurrent.FutureTask.run(FutureTask.java:264)
at java.base/java.util.concurrent.ThreadPoolExecutor.runWorker(ThreadPoolExecutor.java:1136)
at java.base/java.util.concurrent.ThreadPoolExecutor$Worker.run(ThreadPoolExecutor.java:635)
at java.base/java.lang.Thread.run(Thread.java:833)
... Removed 21 stack frames]]>
    </failure>
  </testcase> <!-- @BeforeMethod BeforeMethod -->
  <testcase classname="Utilities.BaseClass" name="@AfterMethod AfterMethod" time="0.0">
    <skipped/>
  </testcase> <!-- @AfterMethod AfterMethod -->
  <testcase classname="Utilities.BaseClass" name="@AfterClass AfterClass" time="0.0">
    <skipped/>
  </testcase> <!-- @AfterClass AfterClass -->
  <testcase classname="Utilities.BaseClass" name="@BeforeMethod BeforeMethod" time="0.0">
    <failure type="java.io.FileNotFoundException" message="C:\dataExel\DataExel.xlsx (The system cannot find the path specified)">
      <![CDATA[java.io.FileNotFoundException: C:\dataExel\DataExel.xlsx (The system cannot find the path specified)
at java.base/java.io.FileInputStream.open0(Native Method)
at java.base/java.io.FileInputStream.open(FileInputStream.java:216)
at java.base/java.io.FileInputStream.<init>(FileInputStream.java:157)
at Utilities.DataUtilities.dataFromExcel(DataUtilities.java:24)
at Utilities.BaseClass.BeforeMethod(BaseClass.java:54)
at java.base/java.util.ArrayList.forEach(ArrayList.java:1511)
at java.base/java.util.concurrent.FutureTask.run(FutureTask.java:264)
at java.base/java.util.concurrent.ThreadPoolExecutor.runWorker(ThreadPoolExecutor.java:1136)
at java.base/java.util.concurrent.ThreadPoolExecutor$Worker.run(ThreadPoolExecutor.java:635)
at java.base/java.lang.Thread.run(Thread.java:833)
... Removed 21 stack frames]]>
    </failure>
  </testcase> <!-- @BeforeMethod BeforeMethod -->
  <testcase classname="Utilities.BaseClass" name="@AfterMethod AfterMethod" time="0.0">
    <skipped/>
  </testcase> <!-- @AfterMethod AfterMethod -->
  <testcase classname="Utilities.BaseClass" name="@BeforeMethod BeforeMethod" time="0.0">
    <skipped/>
  </testcase> <!-- @BeforeMethod BeforeMethod -->
  <testcase classname="Utilities.BaseClass" name="@AfterMethod AfterMethod" time="0.0">
    <skipped/>
  </testcase> <!-- @AfterMethod AfterMethod -->
  <testcase classname="Utilities.BaseClass" name="@AfterClass AfterClass" time="0.0">
    <skipped/>
  </testcase> <!-- @AfterClass AfterClass -->
  <testcase classname="TestCases.VerifyWomensModule" name="Tc_Women_003" time="0.0">
    <skipped/>
  </testcase> <!-- Tc_Women_003 -->
  <testcase classname="TestCases.LoginModel" name="TC_Login_001" time="0.0">
    <skipped/>
  </testcase> <!-- TC_Login_001 -->
  <testcase classname="TestCases.LoginModel" name="Tc_Login_002" time="0.0">
    <skipped/>
  </testcase> <!-- Tc_Login_002 -->
</testsuite> <!-- Test -->
