<?xml version="1.0" encoding="UTF-8"?>
<!-- Generated by org.testng.reporters.JUnitXMLReporter -->
<testsuite ignored="0" hostname="DESKTOP-HLF7R72" failures="0" tests="3" name="Test1" time="17.948" errors="0" timestamp="2023-08-03T08:43:01 IST">
  <testcase classname="TestCases.VerifyWomensModule" name="Tc_Women_003" time="0.0">
    <skipped/>
  </testcase> <!-- Tc_Women_003 -->
  <testcase classname="TestCases.LoginModel" name="TC_Login_001" time="0.0">
    <skipped/>
  </testcase> <!-- TC_Login_001 -->
  <testcase classname="TestCases.LoginModel" name="Tc_Login_002" time="0.0">
    <skipped/>
  </testcase> <!-- Tc_Login_002 -->
</testsuite> <!-- Test1 -->
